2017-09-30 14:11:49 [run-main-0] INFO  PluginsService:175 - no modules loaded
2017-09-30 14:11:49 [run-main-0] INFO  PluginsService:178 - loaded plugin [org.elasticsearch.index.reindex.ReindexPlugin]
2017-09-30 14:11:49 [run-main-0] INFO  PluginsService:178 - loaded plugin [org.elasticsearch.join.ParentJoinPlugin]
2017-09-30 14:11:49 [run-main-0] INFO  PluginsService:178 - loaded plugin [org.elasticsearch.percolator.PercolatorPlugin]
2017-09-30 14:11:49 [run-main-0] INFO  PluginsService:178 - loaded plugin [org.elasticsearch.script.mustache.MustachePlugin]
2017-09-30 14:11:49 [run-main-0] INFO  PluginsService:178 - loaded plugin [org.elasticsearch.transport.Netty3Plugin]
2017-09-30 14:11:49 [run-main-0] INFO  PluginsService:178 - loaded plugin [org.elasticsearch.transport.Netty4Plugin]
2017-09-30 14:11:50 [run-main-0] INFO  PlatformDependent:104 - Your platform does not provide complete low-level API for accessing direct buffers reliably. Unless explicitly requested, heap buffer will always be preferred to avoid potential system instability.
2017-09-30 14:11:51 [run-main-0] WARN  TransportClientNodesService:420 - node {#transport#-1}{EXTZPTxeROaw78UC26mJLA}{abhisheks-mini}{192.168.1.161:9300} not part of the cluster Cluster [elasticsearch], ignoring...
2017-09-30 14:35:11 [run-main-0] INFO  PluginsService:175 - no modules loaded
2017-09-30 14:35:11 [run-main-0] INFO  PluginsService:178 - loaded plugin [org.elasticsearch.index.reindex.ReindexPlugin]
2017-09-30 14:35:11 [run-main-0] INFO  PluginsService:178 - loaded plugin [org.elasticsearch.join.ParentJoinPlugin]
2017-09-30 14:35:11 [run-main-0] INFO  PluginsService:178 - loaded plugin [org.elasticsearch.percolator.PercolatorPlugin]
2017-09-30 14:35:11 [run-main-0] INFO  PluginsService:178 - loaded plugin [org.elasticsearch.script.mustache.MustachePlugin]
2017-09-30 14:35:11 [run-main-0] INFO  PluginsService:178 - loaded plugin [org.elasticsearch.transport.Netty3Plugin]
2017-09-30 14:35:11 [run-main-0] INFO  PluginsService:178 - loaded plugin [org.elasticsearch.transport.Netty4Plugin]
2017-09-30 14:35:12 [run-main-0] INFO  PlatformDependent:104 - Your platform does not provide complete low-level API for accessing direct buffers reliably. Unless explicitly requested, heap buffer will always be preferred to avoid potential system instability.
2017-09-30 14:48:57 [run-main-0] INFO  PluginsService:175 - no modules loaded
2017-09-30 14:48:57 [run-main-0] INFO  PluginsService:178 - loaded plugin [org.elasticsearch.index.reindex.ReindexPlugin]
2017-09-30 14:48:57 [run-main-0] INFO  PluginsService:178 - loaded plugin [org.elasticsearch.join.ParentJoinPlugin]
2017-09-30 14:48:57 [run-main-0] INFO  PluginsService:178 - loaded plugin [org.elasticsearch.percolator.PercolatorPlugin]
2017-09-30 14:48:57 [run-main-0] INFO  PluginsService:178 - loaded plugin [org.elasticsearch.script.mustache.MustachePlugin]
2017-09-30 14:48:57 [run-main-0] INFO  PluginsService:178 - loaded plugin [org.elasticsearch.transport.Netty3Plugin]
2017-09-30 14:48:57 [run-main-0] INFO  PluginsService:178 - loaded plugin [org.elasticsearch.transport.Netty4Plugin]
2017-09-30 14:48:59 [run-main-0] INFO  PlatformDependent:104 - Your platform does not provide complete low-level API for accessing direct buffers reliably. Unless explicitly requested, heap buffer will always be preferred to avoid potential system instability.
